<?xml version="1.0" encoding="UTF-8"?>
<!-- Generated by org.testng.reporters.JUnitReportReporter -->
<testsuite hostname="DESKTOP-FB37VM8" failures="0" tests="3" name="com.qa.opencart.test.AccountsPageTest" time="0.178" errors="0" timestamp="20 Aug 2022 03:45:11 GMT" skipped="0">
  <testcase classname="com.qa.opencart.test.AccountsPageTest" name="accpageHeadersTest" time="0.133"/>
  <testcase classname="com.qa.opencart.test.AccountsPageTest" name="accPageTitleExist" time="0.015"/>
  <testcase classname="com.qa.opencart.test.AccountsPageTest" name="isLogoutLinkExist" time="0.030"/>
</testsuite> <!-- com.qa.opencart.test.AccountsPageTest -->
