<?xml version="1.0" encoding="UTF-8"?>
<!-- Generated by org.testng.reporters.JUnitReportReporter -->
<testsuite hostname="DESKTOP-FB37VM8" failures="0" tests="4" name="com.qa.opencart.test.ProductSearchTest" time="7.125" errors="0" timestamp="15 Aug 2022 03:38:50 GMT" skipped="0">
  <testcase classname="com.qa.opencart.test.ProductSearchTest" name="productSearchTest" time="1.505"/>
  <testcase classname="com.qa.opencart.test.ProductSearchTest" name="productSearchTest" time="1.438"/>
  <testcase classname="com.qa.opencart.test.ProductSearchTest" name="productSearchTest" time="1.521"/>
  <testcase classname="com.qa.opencart.test.ProductSearchTest" name="productInfoTest" time="2.661"/>
</testsuite> <!-- com.qa.opencart.test.ProductSearchTest -->
