<?xml version="1.0" encoding="UTF-8"?>
<!-- Generated by org.testng.reporters.JUnitReportReporter -->
<testsuite hostname="DESKTOP-FB37VM8" failures="0" tests="4" name="com.qa.opencart.test.ProductSearchTest" time="8.373" errors="0" timestamp="20 Aug 2022 03:45:11 GMT" skipped="0">
  <testcase classname="com.qa.opencart.test.ProductSearchTest" name="productSearchTest" time="2.154"/>
  <testcase classname="com.qa.opencart.test.ProductSearchTest" name="productInfoTest" time="3.308"/>
  <testcase classname="com.qa.opencart.test.ProductSearchTest" name="productSearchTest" time="1.569"/>
  <testcase classname="com.qa.opencart.test.ProductSearchTest" name="productSearchTest" time="1.342"/>
</testsuite> <!-- com.qa.opencart.test.ProductSearchTest -->
