<?xml version="1.0" encoding="UTF-8"?>
<!-- Generated by org.testng.reporters.JUnitReportReporter -->
<testsuite hostname="DESKTOP-FB37VM8" failures="0" tests="3" name="com.qa.opencart.test.AccountsPageTest" time="0.356" errors="0" timestamp="14 Aug 2022 01:09:33 GMT" skipped="0">
  <testcase classname="com.qa.opencart.test.AccountsPageTest" name="accpageHeadersTest" time="0.270"/>
  <testcase classname="com.qa.opencart.test.AccountsPageTest" name="accPageTitleExist" time="0.035"/>
  <testcase classname="com.qa.opencart.test.AccountsPageTest" name="isLogoutLinkExist" time="0.051"/>
</testsuite> <!-- com.qa.opencart.test.AccountsPageTest -->
