<?xml version="1.0" encoding="UTF-8"?>
<!-- Generated by org.testng.reporters.JUnitReportReporter -->
<testsuite hostname="DESKTOP-FB37VM8" failures="0" tests="3" name="com.qa.opencart.test.AccountsPageTest" time="0.493" errors="0" timestamp="20 Aug 2022 02:21:10 GMT" skipped="0">
  <testcase classname="com.qa.opencart.test.AccountsPageTest" name="accPageTitleExist" time="0.211"/>
  <testcase classname="com.qa.opencart.test.AccountsPageTest" name="isLogoutLinkExist" time="0.050"/>
  <testcase classname="com.qa.opencart.test.AccountsPageTest" name="accpageHeadersTest" time="0.232"/>
</testsuite> <!-- com.qa.opencart.test.AccountsPageTest -->
